<?xml version="1.0" encoding="UTF-8"?>
<!-- Generated by org.testng.reporters.JUnitReportReporter -->
<testsuite name="com.qtpselenium.hybrid.testcases.CreatePortfolioTest" tests="2" time="39.015" ignored="0" failures="1" timestamp="22 Sep 2018 15:18:55 GMT" skipped="1" hostname="DESKTOP-NM05SVP" errors="0">
  <testcase name="createPortFolioTest" time="38.930" classname="com.qtpselenium.hybrid.testcases.CreatePortfolioTest">
    <failure type="java.lang.AssertionError" message="Element not found createPortfolioButton_id">
      <![CDATA[java.lang.AssertionError: Element not found createPortfolioButton_id
	at org.testng.Assert.fail(Assert.java:94)
	at com.qtpselenium.hybrid.keywords.GenericKeywords.reportFailure(GenericKeywords.java:140)
	at com.qtpselenium.hybrid.keywords.GenericKeywords.getObject(GenericKeywords.java:127)
	at com.qtpselenium.hybrid.keywords.GenericKeywords.click(GenericKeywords.java:61)
	at com.qtpselenium.hybrid.driver.DriverScript.executeTest(DriverScript.java:54)
	at com.qtpselenium.hybrid.testcases.CreatePortfolioTest.createPortFolioTest(CreatePortfolioTest.java:46)
	at sun.reflect.NativeMethodAccessorImpl.invoke0(Native Method)
	at sun.reflect.NativeMethodAccessorImpl.invoke(NativeMethodAccessorImpl.java:62)
	at sun.reflect.DelegatingMethodAccessorImpl.invoke(DelegatingMethodAccessorImpl.java:43)
	at java.lang.reflect.Method.invoke(Method.java:483)
	at org.testng.internal.MethodInvocationHelper.invokeMethod(MethodInvocationHelper.java:104)
	at org.testng.internal.Invoker.invokeMethod(Invoker.java:645)
	at org.testng.internal.Invoker.invokeTestMethod(Invoker.java:851)
	at org.testng.internal.Invoker.invokeTestMethods(Invoker.java:1177)
	at org.testng.internal.TestMethodWorker.invokeTestMethods(TestMethodWorker.java:129)
	at org.testng.internal.TestMethodWorker.run(TestMethodWorker.java:112)
	at org.testng.TestRunner.privateRun(TestRunner.java:756)
	at org.testng.TestRunner.run(TestRunner.java:610)
	at org.testng.SuiteRunner.runTest(SuiteRunner.java:387)
	at org.testng.SuiteRunner.runSequentially(SuiteRunner.java:382)
	at org.testng.SuiteRunner.privateRun(SuiteRunner.java:340)
	at org.testng.SuiteRunner.run(SuiteRunner.java:289)
	at org.testng.SuiteRunnerWorker.runSuite(SuiteRunnerWorker.java:52)
	at org.testng.SuiteRunnerWorker.run(SuiteRunnerWorker.java:86)
	at org.testng.TestNG.runSuitesSequentially(TestNG.java:1293)
	at org.testng.TestNG.runSuitesLocally(TestNG.java:1218)
	at org.testng.TestNG.runSuites(TestNG.java:1133)
	at org.testng.TestNG.run(TestNG.java:1104)
	at org.testng.TestNG.privateMain(TestNG.java:1434)
	at org.testng.TestNG.main(TestNG.java:1403)
]]>
    </failure>
  </testcase> <!-- createPortFolioTest -->
  <testcase name="createPortFolioTest" time="0.085" classname="com.qtpselenium.hybrid.testcases.CreatePortfolioTest">
    <skipped/>
  </testcase> <!-- createPortFolioTest -->
</testsuite> <!-- com.qtpselenium.hybrid.testcases.CreatePortfolioTest -->
