<?xml version="1.0" encoding="UTF-8"?>
<!-- Generated by org.testng.reporters.JUnitXMLReporter -->
<testsuite hostname="DESKTOP-NM05SVP" ignored="0" name="Create PortFolio test" tests="2" failures="1" timestamp="23 Sep 2018 15:30:20 GMT" time="12.351" errors="0">
  <testcase name="createPortFolioTest" time="10.676" classname="com.qtpselenium.hybrid.testcases.CreatePortfolioTest">
    <failure type="java.lang.AssertionError" message="Element not found password_id">
      <![CDATA[java.lang.AssertionError: Element not found password_id
	at com.qtpselenium.hybrid.keywords.GenericKeywords.reportFailure(GenericKeywords.java:166)
	at com.qtpselenium.hybrid.keywords.GenericKeywords.getObject(GenericKeywords.java:153)
	at com.qtpselenium.hybrid.keywords.GenericKeywords.type(GenericKeywords.java:82)
	at com.qtpselenium.hybrid.keywords.ApplicationKeywords.login(ApplicationKeywords.java:49)
	at com.qtpselenium.hybrid.keywords.ApplicationKeywords.defaultLogin(ApplicationKeywords.java:40)
	at com.qtpselenium.hybrid.driver.DriverScript.executeTest(DriverScript.java:64)
	at com.qtpselenium.hybrid.testcases.CreatePortfolioTest.createPortFolioTest(CreatePortfolioTest.java:46)
	at java.util.concurrent.FutureTask.run(FutureTask.java:266)
	at java.util.concurrent.ThreadPoolExecutor.runWorker(ThreadPoolExecutor.java:1142)
	at java.util.concurrent.ThreadPoolExecutor$Worker.run(ThreadPoolExecutor.java:617)
	at java.lang.Thread.run(Thread.java:745)
... Removed 17 stack frames]]>
    </failure>
  </testcase> <!-- createPortFolioTest -->
  <testcase name="createPortFolioTest" time="0.001" classname="com.qtpselenium.hybrid.testcases.CreatePortfolioTest">
    <skipped/>
  </testcase> <!-- createPortFolioTest -->
</testsuite> <!-- Create PortFolio test -->
