<?xml version="1.0" encoding="UTF-8"?>
<!-- Generated by org.testng.reporters.JUnitXMLReporter -->
<testsuite hostname="DESKTOP-NM05SVP" ignored="0" name="Login Test" tests="2" failures="2" timestamp="23 Sep 2018 15:30:37 GMT" time="29.397" errors="0">
  <testcase name="doLogin" time="19.84" classname="com.qtpselenium.hybrid.testcases.LoginTest">
    <failure type="java.lang.AssertionError" message="Element not found password_id">
      <![CDATA[java.lang.AssertionError: Element not found password_id
	at com.qtpselenium.hybrid.keywords.GenericKeywords.reportFailure(GenericKeywords.java:166)
	at com.qtpselenium.hybrid.keywords.GenericKeywords.getObject(GenericKeywords.java:153)
	at com.qtpselenium.hybrid.keywords.GenericKeywords.type(GenericKeywords.java:82)
	at com.qtpselenium.hybrid.driver.DriverScript.executeTest(DriverScript.java:56)
	at com.qtpselenium.hybrid.testcases.LoginTest.doLogin(LoginTest.java:51)
	at java.util.concurrent.FutureTask.run(FutureTask.java:266)
	at java.util.concurrent.ThreadPoolExecutor.runWorker(ThreadPoolExecutor.java:1142)
	at java.util.concurrent.ThreadPoolExecutor$Worker.run(ThreadPoolExecutor.java:617)
	at java.lang.Thread.run(Thread.java:745)
... Removed 17 stack frames]]>
    </failure>
  </testcase> <!-- doLogin -->
  <testcase name="doLogin" time="8.828" classname="com.qtpselenium.hybrid.testcases.LoginTest">
    <failure type="java.lang.AssertionError" message="Element not found password_id">
      <![CDATA[java.lang.AssertionError: Element not found password_id
	at com.qtpselenium.hybrid.keywords.GenericKeywords.reportFailure(GenericKeywords.java:166)
	at com.qtpselenium.hybrid.keywords.GenericKeywords.getObject(GenericKeywords.java:153)
	at com.qtpselenium.hybrid.keywords.GenericKeywords.type(GenericKeywords.java:82)
	at com.qtpselenium.hybrid.driver.DriverScript.executeTest(DriverScript.java:56)
	at com.qtpselenium.hybrid.testcases.LoginTest.doLogin(LoginTest.java:51)
	at java.util.concurrent.FutureTask.run(FutureTask.java:266)
	at java.util.concurrent.ThreadPoolExecutor.runWorker(ThreadPoolExecutor.java:1142)
	at java.util.concurrent.ThreadPoolExecutor$Worker.run(ThreadPoolExecutor.java:617)
	at java.lang.Thread.run(Thread.java:745)
... Removed 17 stack frames]]>
    </failure>
  </testcase> <!-- doLogin -->
</testsuite> <!-- Login Test -->
