<!DOCTYPE html PUBLIC "-//W3C//DTD XHTML 1.1//EN" "http://www.w3.org/TR/xhtml11/DTD/xhtml11.dtd">
<html xmlns="http://www.w3.org/1999/xhtml"><head><title>TestNG Report</title><style type="text/css">table {margin-bottom:10px;border-collapse:collapse;empty-cells:show}th,td {border:1px solid #009;padding:.25em .5em}th {vertical-align:bottom}td {vertical-align:top}table a {font-weight:bold}.stripe td {background-color: #E6EBF9}.num {text-align:right}.passedodd td {background-color: #3F3}.passedeven td {background-color: #0A0}.skippedodd td {background-color: #DDD}.skippedeven td {background-color: #CCC}.failedodd td,.attn {background-color: #F33}.failedeven td,.stripe .attn {background-color: #D00}.stacktrace {white-space:pre;font-family:monospace}.totop {font-size:85%;text-align:center;border-bottom:2px solid #000}</style></head><body><table><tr><th>Test</th><th># Passed</th><th># Skipped</th><th># Failed</th><th>Time (ms)</th><th>Included Groups</th><th>Excluded Groups</th></tr><tr><th colspan="7">My Sample Suite</th></tr><tr><td><a href="#t0">Delete Portfolio test</a></td><td class="num">0</td><td class="num">0</td><td class="num attn">1</td><td class="num">12,212</td><td></td><td></td></tr><tr class="stripe"><td><a href="#t1">Create PortFolio test</a></td><td class="num">0</td><td class="num attn">1</td><td class="num attn">1</td><td class="num">12,351</td><td></td><td></td></tr><tr><td><a href="#t2">Login Test</a></td><td class="num">0</td><td class="num">0</td><td class="num attn">2</td><td class="num">29,397</td><td></td><td></td></tr><tr><th>Total</th><th class="num">0</th><th class="num attn">1</th><th class="num attn">4</th><th class="num">53,960</th><th colspan="2"></th></tr></table><table><thead><tr><th>Class</th><th>Method</th><th>Start</th><th>Time (ms)</th></tr></thead><tbody><tr><th colspan="4">My Sample Suite</th></tr></tbody><tbody id="t0"><tr><th colspan="4">Delete Portfolio test &#8212; failed</th></tr><tr class="failedeven"><td rowspan="1">com.qtpselenium.hybrid.testcases.DeletePortfolioTest</td><td><a href="#m0">deletePortfolioTest</a></td><td rowspan="1">1537716608178</td><td rowspan="1">11685</td></tr></tbody><tbody id="t1"><tr><th colspan="4">Create PortFolio test &#8212; failed</th></tr><tr class="failedeven"><td rowspan="1">com.qtpselenium.hybrid.testcases.CreatePortfolioTest</td><td><a href="#m1">createPortFolioTest</a></td><td rowspan="1">1537716608178</td><td rowspan="1">10676</td></tr><tr><th colspan="4">Create PortFolio test &#8212; skipped</th></tr><tr class="skippedeven"><td rowspan="1">com.qtpselenium.hybrid.testcases.CreatePortfolioTest</td><td><a href="#m2">createPortFolioTest</a></td><td rowspan="1">1537716620082</td><td rowspan="1">1</td></tr></tbody><tbody id="t2"><tr><th colspan="4">Login Test &#8212; failed</th></tr><tr class="failedeven"><td rowspan="2">com.qtpselenium.hybrid.testcases.LoginTest</td><td><a href="#m3">doLogin</a></td><td rowspan="2">1537716608232</td><td rowspan="2">19840</td></tr><tr class="failedeven"><td><a href="#m4">doLogin</a></td></tr></tbody></table><h2>Delete Portfolio test</h2><h3 id="m0">com.qtpselenium.hybrid.testcases.DeletePortfolioTest#deletePortfolioTest</h3><table class="result"><tr class="param"><th>Parameter #1</th></tr><tr class="param stripe"><td>{Runmode=Y, Portfolioname=SamplePortfolio12, Browser=Chrome}</td></tr><tr><th>Exception</th></tr><tr><td><div class="stacktrace">java.lang.AssertionError: Element not found password_id
	at com.qtpselenium.hybrid.keywords.GenericKeywords.reportFailure(GenericKeywords.java:166)
	at com.qtpselenium.hybrid.keywords.GenericKeywords.getObject(GenericKeywords.java:153)
	at com.qtpselenium.hybrid.keywords.GenericKeywords.type(GenericKeywords.java:82)
	at com.qtpselenium.hybrid.keywords.ApplicationKeywords.login(ApplicationKeywords.java:49)
	at com.qtpselenium.hybrid.keywords.ApplicationKeywords.defaultLogin(ApplicationKeywords.java:40)
	at com.qtpselenium.hybrid.driver.DriverScript.executeTest(DriverScript.java:64)
	at com.qtpselenium.hybrid.testcases.DeletePortfolioTest.deletePortfolioTest(DeletePortfolioTest.java:46)
	at java.util.concurrent.FutureTask.run(FutureTask.java:266)
	at java.util.concurrent.ThreadPoolExecutor.runWorker(ThreadPoolExecutor.java:1142)
	at java.util.concurrent.ThreadPoolExecutor$Worker.run(ThreadPoolExecutor.java:617)
	at java.lang.Thread.run(Thread.java:745)
... Removed 17 stack frames</div></td></tr></table><p class="totop"><a href="#summary">back to summary</a></p><h2>Create PortFolio test</h2><h3 id="m1">com.qtpselenium.hybrid.testcases.CreatePortfolioTest#createPortFolioTest</h3><table class="result"><tr class="param"><th>Parameter #1</th></tr><tr class="param stripe"><td>{PortFolioName=SamplePortfolio12, Runmode=Y, Browser=Chrome}</td></tr><tr><th>Exception</th></tr><tr><td><div class="stacktrace">java.lang.AssertionError: Element not found password_id
	at com.qtpselenium.hybrid.keywords.GenericKeywords.reportFailure(GenericKeywords.java:166)
	at com.qtpselenium.hybrid.keywords.GenericKeywords.getObject(GenericKeywords.java:153)
	at com.qtpselenium.hybrid.keywords.GenericKeywords.type(GenericKeywords.java:82)
	at com.qtpselenium.hybrid.keywords.ApplicationKeywords.login(ApplicationKeywords.java:49)
	at com.qtpselenium.hybrid.keywords.ApplicationKeywords.defaultLogin(ApplicationKeywords.java:40)
	at com.qtpselenium.hybrid.driver.DriverScript.executeTest(DriverScript.java:64)
	at com.qtpselenium.hybrid.testcases.CreatePortfolioTest.createPortFolioTest(CreatePortfolioTest.java:46)
	at java.util.concurrent.FutureTask.run(FutureTask.java:266)
	at java.util.concurrent.ThreadPoolExecutor.runWorker(ThreadPoolExecutor.java:1142)
	at java.util.concurrent.ThreadPoolExecutor$Worker.run(ThreadPoolExecutor.java:617)
	at java.lang.Thread.run(Thread.java:745)
... Removed 17 stack frames</div></td></tr></table><p class="totop"><a href="#summary">back to summary</a></p><h3 id="m2">com.qtpselenium.hybrid.testcases.CreatePortfolioTest#createPortFolioTest</h3><table class="result"><tr class="param"><th>Parameter #1</th></tr><tr class="param stripe"><td>{PortFolioName=SamplePortfolio12, Runmode=N, Browser=Mozilla}</td></tr><tr><th>Exception</th></tr><tr><td><div class="stacktrace">org.testng.SkipException: Skipping the test as Runmode is NO
	at com.qtpselenium.hybrid.testcases.CreatePortfolioTest.createPortFolioTest(CreatePortfolioTest.java:39)
	at java.util.concurrent.FutureTask.run(FutureTask.java:266)
	at java.util.concurrent.ThreadPoolExecutor.runWorker(ThreadPoolExecutor.java:1142)
	at java.util.concurrent.ThreadPoolExecutor$Worker.run(ThreadPoolExecutor.java:617)
	at java.lang.Thread.run(Thread.java:745)
... Removed 16 stack frames</div></td></tr></table><p class="totop"><a href="#summary">back to summary</a></p><h2>Login Test</h2><h3 id="m3">com.qtpselenium.hybrid.testcases.LoginTest#doLogin</h3><table class="result"><tr class="param"><th>Parameter #1</th></tr><tr class="param stripe"><td>{ExectedResult=LoginSuccess, Username=ashishthakur1983, Password=pass@1234, Runmode=Y, Browser=Mozilla}</td></tr><tr><th>Exception</th></tr><tr><td><div class="stacktrace">java.lang.AssertionError: Element not found password_id
	at com.qtpselenium.hybrid.keywords.GenericKeywords.reportFailure(GenericKeywords.java:166)
	at com.qtpselenium.hybrid.keywords.GenericKeywords.getObject(GenericKeywords.java:153)
	at com.qtpselenium.hybrid.keywords.GenericKeywords.type(GenericKeywords.java:82)
	at com.qtpselenium.hybrid.driver.DriverScript.executeTest(DriverScript.java:56)
	at com.qtpselenium.hybrid.testcases.LoginTest.doLogin(LoginTest.java:51)
	at java.util.concurrent.FutureTask.run(FutureTask.java:266)
	at java.util.concurrent.ThreadPoolExecutor.runWorker(ThreadPoolExecutor.java:1142)
	at java.util.concurrent.ThreadPoolExecutor$Worker.run(ThreadPoolExecutor.java:617)
	at java.lang.Thread.run(Thread.java:745)
... Removed 17 stack frames</div></td></tr></table><p class="totop"><a href="#summary">back to summary</a></p><h3 id="m4">com.qtpselenium.hybrid.testcases.LoginTest#doLogin</h3><table class="result"><tr class="param"><th>Parameter #1</th></tr><tr class="param stripe"><td>{ExectedResult=LoginFailure, Username=ashishthakur1983, Password=XXXXX, Runmode=Y, Browser=Chrome}</td></tr><tr><th>Exception</th></tr><tr><td><div class="stacktrace">java.lang.AssertionError: Element not found password_id
	at com.qtpselenium.hybrid.keywords.GenericKeywords.reportFailure(GenericKeywords.java:166)
	at com.qtpselenium.hybrid.keywords.GenericKeywords.getObject(GenericKeywords.java:153)
	at com.qtpselenium.hybrid.keywords.GenericKeywords.type(GenericKeywords.java:82)
	at com.qtpselenium.hybrid.driver.DriverScript.executeTest(DriverScript.java:56)
	at com.qtpselenium.hybrid.testcases.LoginTest.doLogin(LoginTest.java:51)
	at java.util.concurrent.FutureTask.run(FutureTask.java:266)
	at java.util.concurrent.ThreadPoolExecutor.runWorker(ThreadPoolExecutor.java:1142)
	at java.util.concurrent.ThreadPoolExecutor$Worker.run(ThreadPoolExecutor.java:617)
	at java.lang.Thread.run(Thread.java:745)
... Removed 17 stack frames</div></td></tr></table><p class="totop"><a href="#summary">back to summary</a></p></body></html>