<?xml version="1.0" encoding="UTF-8"?>
<testng-results skipped="1" failed="2" ignored="0" total="5" passed="2">
  <reporter-output>
  </reporter-output>
  <suite name="My Sample Suite" duration-ms="127661" started-at="2018-09-22T15:16:47Z" finished-at="2018-09-22T15:18:55Z">
    <groups>
    </groups>
    <test name="Login Test" duration-ms="52246" started-at="2018-09-22T15:16:47Z" finished-at="2018-09-22T15:17:39Z">
      <class name="com.qtpselenium.hybrid.testcases.LoginTest">
        <test-method status="PASS" signature="init()[pri:0, instance:com.qtpselenium.hybrid.testcases.LoginTest@7995092a]" name="init" is-config="true" duration-ms="320" started-at="2018-09-22T20:46:47Z" finished-at="2018-09-22T20:46:48Z">
          <reporter-output>
          </reporter-output>
        </test-method> <!-- init -->
        <test-method status="PASS" signature="doLogin(java.util.Hashtable)[pri:0, instance:com.qtpselenium.hybrid.testcases.LoginTest@7995092a]" name="doLogin" duration-ms="15393" started-at="2018-09-22T20:46:48Z" data-provider="getData" finished-at="2018-09-22T20:47:03Z">
          <params>
            <param index="0">
              <value>
                <![CDATA[{ExectedResult=LoginSuccess, Username=ashishthakur1983, Password=pass@1234, Runmode=Y, Browser=Mozilla}]]>
              </value>
            </param>
          </params>
          <reporter-output>
          </reporter-output>
        </test-method> <!-- doLogin -->
        <test-method status="PASS" signature="quit()[pri:0, instance:com.qtpselenium.hybrid.testcases.LoginTest@7995092a]" name="quit" is-config="true" duration-ms="665" started-at="2018-09-22T20:47:03Z" finished-at="2018-09-22T20:47:04Z">
          <reporter-output>
          </reporter-output>
        </test-method> <!-- quit -->
        <test-method status="PASS" signature="init()[pri:0, instance:com.qtpselenium.hybrid.testcases.LoginTest@7995092a]" name="init" is-config="true" duration-ms="0" started-at="2018-09-22T20:47:04Z" finished-at="2018-09-22T20:47:04Z">
          <reporter-output>
          </reporter-output>
        </test-method> <!-- init -->
        <test-method status="PASS" signature="doLogin(java.util.Hashtable)[pri:0, instance:com.qtpselenium.hybrid.testcases.LoginTest@7995092a]" name="doLogin" duration-ms="35717" started-at="2018-09-22T20:47:04Z" data-provider="getData" finished-at="2018-09-22T20:47:39Z">
          <params>
            <param index="0">
              <value>
                <![CDATA[{ExectedResult=LoginFailure, Username=ashishthakur1983, Password=XXXXX, Runmode=Y, Browser=Chrome}]]>
              </value>
            </param>
          </params>
          <reporter-output>
          </reporter-output>
        </test-method> <!-- doLogin -->
        <test-method status="PASS" signature="quit()[pri:0, instance:com.qtpselenium.hybrid.testcases.LoginTest@7995092a]" name="quit" is-config="true" duration-ms="104" started-at="2018-09-22T20:47:39Z" finished-at="2018-09-22T20:47:39Z">
          <reporter-output>
          </reporter-output>
        </test-method> <!-- quit -->
      </class> <!-- com.qtpselenium.hybrid.testcases.LoginTest -->
    </test> <!-- Login Test -->
    <test name="Create PortFolio test" duration-ms="39018" started-at="2018-09-22T15:17:39Z" finished-at="2018-09-22T15:18:19Z">
      <class name="com.qtpselenium.hybrid.testcases.CreatePortfolioTest">
        <test-method status="PASS" signature="init()[pri:0, instance:com.qtpselenium.hybrid.testcases.CreatePortfolioTest@25d250c6]" name="init" is-config="true" duration-ms="0" started-at="2018-09-22T20:47:39Z" finished-at="2018-09-22T20:47:39Z">
          <reporter-output>
          </reporter-output>
        </test-method> <!-- init -->
        <test-method status="FAIL" signature="createPortFolioTest(java.util.Hashtable)[pri:0, instance:com.qtpselenium.hybrid.testcases.CreatePortfolioTest@25d250c6]" name="createPortFolioTest" duration-ms="38846" started-at="2018-09-22T20:47:39Z" data-provider="getData" finished-at="2018-09-22T20:48:18Z">
          <params>
            <param index="0">
              <value>
                <![CDATA[{PortFolioName=SamplePortfolio12, Runmode=Y, Browser=Chrome}]]>
              </value>
            </param>
          </params>
          <exception class="java.lang.AssertionError">
            <message>
              <![CDATA[Element not found createPortfolioButton_id]]>
            </message>
            <full-stacktrace>
              <![CDATA[java.lang.AssertionError: Element not found createPortfolioButton_id
	at org.testng.Assert.fail(Assert.java:94)
	at com.qtpselenium.hybrid.keywords.GenericKeywords.reportFailure(GenericKeywords.java:140)
	at com.qtpselenium.hybrid.keywords.GenericKeywords.getObject(GenericKeywords.java:127)
	at com.qtpselenium.hybrid.keywords.GenericKeywords.click(GenericKeywords.java:61)
	at com.qtpselenium.hybrid.driver.DriverScript.executeTest(DriverScript.java:54)
	at com.qtpselenium.hybrid.testcases.CreatePortfolioTest.createPortFolioTest(CreatePortfolioTest.java:46)
	at sun.reflect.NativeMethodAccessorImpl.invoke0(Native Method)
	at sun.reflect.NativeMethodAccessorImpl.invoke(NativeMethodAccessorImpl.java:62)
	at sun.reflect.DelegatingMethodAccessorImpl.invoke(DelegatingMethodAccessorImpl.java:43)
	at java.lang.reflect.Method.invoke(Method.java:483)
	at org.testng.internal.MethodInvocationHelper.invokeMethod(MethodInvocationHelper.java:104)
	at org.testng.internal.Invoker.invokeMethod(Invoker.java:645)
	at org.testng.internal.Invoker.invokeTestMethod(Invoker.java:851)
	at org.testng.internal.Invoker.invokeTestMethods(Invoker.java:1177)
	at org.testng.internal.TestMethodWorker.invokeTestMethods(TestMethodWorker.java:129)
	at org.testng.internal.TestMethodWorker.run(TestMethodWorker.java:112)
	at org.testng.TestRunner.privateRun(TestRunner.java:756)
	at org.testng.TestRunner.run(TestRunner.java:610)
	at org.testng.SuiteRunner.runTest(SuiteRunner.java:387)
	at org.testng.SuiteRunner.runSequentially(SuiteRunner.java:382)
	at org.testng.SuiteRunner.privateRun(SuiteRunner.java:340)
	at org.testng.SuiteRunner.run(SuiteRunner.java:289)
	at org.testng.SuiteRunnerWorker.runSuite(SuiteRunnerWorker.java:52)
	at org.testng.SuiteRunnerWorker.run(SuiteRunnerWorker.java:86)
	at org.testng.TestNG.runSuitesSequentially(TestNG.java:1293)
	at org.testng.TestNG.runSuitesLocally(TestNG.java:1218)
	at org.testng.TestNG.runSuites(TestNG.java:1133)
	at org.testng.TestNG.run(TestNG.java:1104)
	at org.testng.TestNG.privateMain(TestNG.java:1434)
	at org.testng.TestNG.main(TestNG.java:1403)
]]>
            </full-stacktrace>
          </exception> <!-- java.lang.AssertionError -->
          <reporter-output>
          </reporter-output>
        </test-method> <!-- createPortFolioTest -->
        <test-method status="PASS" signature="quit()[pri:0, instance:com.qtpselenium.hybrid.testcases.CreatePortfolioTest@25d250c6]" name="quit" is-config="true" duration-ms="84" started-at="2018-09-22T20:48:18Z" finished-at="2018-09-22T20:48:18Z">
          <reporter-output>
          </reporter-output>
        </test-method> <!-- quit -->
        <test-method status="PASS" signature="init()[pri:0, instance:com.qtpselenium.hybrid.testcases.CreatePortfolioTest@25d250c6]" name="init" is-config="true" duration-ms="0" started-at="2018-09-22T20:48:18Z" finished-at="2018-09-22T20:48:18Z">
          <reporter-output>
          </reporter-output>
        </test-method> <!-- init -->
        <test-method status="SKIP" signature="createPortFolioTest(java.util.Hashtable)[pri:0, instance:com.qtpselenium.hybrid.testcases.CreatePortfolioTest@25d250c6]" name="createPortFolioTest" duration-ms="1" started-at="2018-09-22T20:48:18Z" data-provider="getData" finished-at="2018-09-22T20:48:18Z">
          <params>
            <param index="0">
              <value>
                <![CDATA[{PortFolioName=SamplePortfolio12, Runmode=N, Browser=Mozilla}]]>
              </value>
            </param>
          </params>
          <exception class="org.testng.SkipException">
            <message>
              <![CDATA[Skipping the test as Runmode is NO]]>
            </message>
            <full-stacktrace>
              <![CDATA[org.testng.SkipException: Skipping the test as Runmode is NO
	at com.qtpselenium.hybrid.testcases.CreatePortfolioTest.createPortFolioTest(CreatePortfolioTest.java:39)
	at sun.reflect.NativeMethodAccessorImpl.invoke0(Native Method)
	at sun.reflect.NativeMethodAccessorImpl.invoke(NativeMethodAccessorImpl.java:62)
	at sun.reflect.DelegatingMethodAccessorImpl.invoke(DelegatingMethodAccessorImpl.java:43)
	at java.lang.reflect.Method.invoke(Method.java:483)
	at org.testng.internal.MethodInvocationHelper.invokeMethod(MethodInvocationHelper.java:104)
	at org.testng.internal.Invoker.invokeMethod(Invoker.java:645)
	at org.testng.internal.Invoker.invokeTestMethod(Invoker.java:851)
	at org.testng.internal.Invoker.invokeTestMethods(Invoker.java:1177)
	at org.testng.internal.TestMethodWorker.invokeTestMethods(TestMethodWorker.java:129)
	at org.testng.internal.TestMethodWorker.run(TestMethodWorker.java:112)
	at org.testng.TestRunner.privateRun(TestRunner.java:756)
	at org.testng.TestRunner.run(TestRunner.java:610)
	at org.testng.SuiteRunner.runTest(SuiteRunner.java:387)
	at org.testng.SuiteRunner.runSequentially(SuiteRunner.java:382)
	at org.testng.SuiteRunner.privateRun(SuiteRunner.java:340)
	at org.testng.SuiteRunner.run(SuiteRunner.java:289)
	at org.testng.SuiteRunnerWorker.runSuite(SuiteRunnerWorker.java:52)
	at org.testng.SuiteRunnerWorker.run(SuiteRunnerWorker.java:86)
	at org.testng.TestNG.runSuitesSequentially(TestNG.java:1293)
	at org.testng.TestNG.runSuitesLocally(TestNG.java:1218)
	at org.testng.TestNG.runSuites(TestNG.java:1133)
	at org.testng.TestNG.run(TestNG.java:1104)
	at org.testng.TestNG.privateMain(TestNG.java:1434)
	at org.testng.TestNG.main(TestNG.java:1403)
]]>
            </full-stacktrace>
          </exception> <!-- org.testng.SkipException -->
          <reporter-output>
          </reporter-output>
        </test-method> <!-- createPortFolioTest -->
        <test-method status="PASS" signature="quit()[pri:0, instance:com.qtpselenium.hybrid.testcases.CreatePortfolioTest@25d250c6]" name="quit" is-config="true" duration-ms="84" started-at="2018-09-22T20:48:18Z" finished-at="2018-09-22T20:48:19Z">
          <reporter-output>
          </reporter-output>
        </test-method> <!-- quit -->
      </class> <!-- com.qtpselenium.hybrid.testcases.CreatePortfolioTest -->
    </test> <!-- Create PortFolio test -->
    <test name="Delete Portfolio test" duration-ms="36291" started-at="2018-09-22T15:18:19Z" finished-at="2018-09-22T15:18:55Z">
      <class name="com.qtpselenium.hybrid.testcases.DeletePortfolioTest">
        <test-method status="PASS" signature="init()[pri:0, instance:com.qtpselenium.hybrid.testcases.DeletePortfolioTest@5ccddd20]" name="init" is-config="true" duration-ms="0" started-at="2018-09-22T20:48:19Z" finished-at="2018-09-22T20:48:19Z">
          <reporter-output>
          </reporter-output>
        </test-method> <!-- init -->
        <test-method status="FAIL" signature="deletePortfolioTest(java.util.Hashtable)[pri:0, instance:com.qtpselenium.hybrid.testcases.DeletePortfolioTest@5ccddd20]" name="deletePortfolioTest" duration-ms="36187" started-at="2018-09-22T20:48:19Z" data-provider="getData" finished-at="2018-09-22T20:48:55Z">
          <params>
            <param index="0">
              <value>
                <![CDATA[{Runmode=Y, Portfolioname=SamplePortfolio12, Browser=Chrome}]]>
              </value>
            </param>
          </params>
          <exception class="org.openqa.selenium.NoSuchElementException">
            <message>
              <![CDATA[Cannot locate element with text: SamplePortfolio12
For documentation on this error, please visit: http://seleniumhq.org/exceptions/no_such_element.html
Build info: version: '3.13.0', revision: '2f0d292', time: '2018-06-25T15:24:21.231Z'
System info: host: 'DESKTOP-NM05SVP', ip: '192.168.1.7', os.name: 'Windows 8.1', os.arch: 'amd64', os.version: '6.3', java.version: '1.8.0_05'
Driver info: driver.version: unknown]]>
            </message>
            <full-stacktrace>
              <![CDATA[org.openqa.selenium.NoSuchElementException: Cannot locate element with text: SamplePortfolio12
For documentation on this error, please visit: http://seleniumhq.org/exceptions/no_such_element.html
Build info: version: '3.13.0', revision: '2f0d292', time: '2018-06-25T15:24:21.231Z'
System info: host: 'DESKTOP-NM05SVP', ip: '192.168.1.7', os.name: 'Windows 8.1', os.arch: 'amd64', os.version: '6.3', java.version: '1.8.0_05'
Driver info: driver.version: unknown
	at org.openqa.selenium.support.ui.Select.selectByVisibleText(Select.java:151)
	at com.qtpselenium.hybrid.keywords.GenericKeywords.select(GenericKeywords.java:87)
	at com.qtpselenium.hybrid.driver.DriverScript.executeTest(DriverScript.java:68)
	at com.qtpselenium.hybrid.testcases.DeletePortfolioTest.deletePortfolioTest(DeletePortfolioTest.java:46)
	at sun.reflect.NativeMethodAccessorImpl.invoke0(Native Method)
	at sun.reflect.NativeMethodAccessorImpl.invoke(NativeMethodAccessorImpl.java:62)
	at sun.reflect.DelegatingMethodAccessorImpl.invoke(DelegatingMethodAccessorImpl.java:43)
	at java.lang.reflect.Method.invoke(Method.java:483)
	at org.testng.internal.MethodInvocationHelper.invokeMethod(MethodInvocationHelper.java:104)
	at org.testng.internal.Invoker.invokeMethod(Invoker.java:645)
	at org.testng.internal.Invoker.invokeTestMethod(Invoker.java:851)
	at org.testng.internal.Invoker.invokeTestMethods(Invoker.java:1177)
	at org.testng.internal.TestMethodWorker.invokeTestMethods(TestMethodWorker.java:129)
	at org.testng.internal.TestMethodWorker.run(TestMethodWorker.java:112)
	at org.testng.TestRunner.privateRun(TestRunner.java:756)
	at org.testng.TestRunner.run(TestRunner.java:610)
	at org.testng.SuiteRunner.runTest(SuiteRunner.java:387)
	at org.testng.SuiteRunner.runSequentially(SuiteRunner.java:382)
	at org.testng.SuiteRunner.privateRun(SuiteRunner.java:340)
	at org.testng.SuiteRunner.run(SuiteRunner.java:289)
	at org.testng.SuiteRunnerWorker.runSuite(SuiteRunnerWorker.java:52)
	at org.testng.SuiteRunnerWorker.run(SuiteRunnerWorker.java:86)
	at org.testng.TestNG.runSuitesSequentially(TestNG.java:1293)
	at org.testng.TestNG.runSuitesLocally(TestNG.java:1218)
	at org.testng.TestNG.runSuites(TestNG.java:1133)
	at org.testng.TestNG.run(TestNG.java:1104)
	at org.testng.TestNG.privateMain(TestNG.java:1434)
	at org.testng.TestNG.main(TestNG.java:1403)
]]>
            </full-stacktrace>
          </exception> <!-- org.openqa.selenium.NoSuchElementException -->
          <reporter-output>
          </reporter-output>
        </test-method> <!-- deletePortfolioTest -->
        <test-method status="PASS" signature="quit()[pri:0, instance:com.qtpselenium.hybrid.testcases.DeletePortfolioTest@5ccddd20]" name="quit" is-config="true" duration-ms="100" started-at="2018-09-22T20:48:55Z" finished-at="2018-09-22T20:48:55Z">
          <reporter-output>
          </reporter-output>
        </test-method> <!-- quit -->
      </class> <!-- com.qtpselenium.hybrid.testcases.DeletePortfolioTest -->
    </test> <!-- Delete Portfolio test -->
  </suite> <!-- My Sample Suite -->
</testng-results>
